[ 2018-09-04T15:55:49+08:00 ] 127.0.0.1 /favicon.ico
ERR: 无法加载模块:Favicon

[ 2018-09-04T15:57:56+08:00 ] ::1 /oa/Application/Admin/View/Index/__ADMIN__/css/home.css
ERR: 无法加载模块:Application

[ 2018-09-04T15:57:56+08:00 ] ::1 /oa/Application/Admin/View/Index/__ADMIN__/css/base.css
ERR: 无法加载模块:Application

[ 2018-09-04T15:57:57+08:00 ] ::1 /oa/Application/Admin/View/Index/__ADMIN__/images/icon02.png
ERR: 无法加载模块:Application

[ 2018-09-04T15:57:57+08:00 ] ::1 /oa/Application/Admin/View/Index/__ADMIN__/images/icon01.png
ERR: 无法加载模块:Application

[ 2018-09-04T15:57:57+08:00 ] ::1 /oa/Application/Admin/View/Index/js/common.js
ERR: 无法加载模块:Application

[ 2018-09-04T15:57:57+08:00 ] ::1 /oa/Application/Admin/View/Index/__ADMIN__/images/icon04.png
ERR: 无法加载模块:Application

[ 2018-09-04T15:57:57+08:00 ] ::1 /oa/Application/Admin/View/Index/__ADMIN__/images/icon03.png
ERR: 无法加载模块:Application

[ 2018-09-04T15:57:57+08:00 ] ::1 /oa/Application/Admin/View/Index/js/jquery.js
ERR: 无法加载模块:Application

[ 2018-09-04T15:57:57+08:00 ] ::1 /oa/Application/Admin/View/Index/__ADMIN__/images/icon05.png
ERR: 无法加载模块:Application

[ 2018-09-04T15:57:57+08:00 ] ::1 /oa/Application/Admin/View/Index/__ADMIN__/images/icon06.png
ERR: 无法加载模块:Application

[ 2018-09-04T15:57:57+08:00 ] ::1 /oa/Application/Admin/View/Index/__ADMIN__/images/icon07.png
ERR: 无法加载模块:Application

[ 2018-09-04T15:57:57+08:00 ] ::1 /oa/Application/Admin/View/Index/__ADMIN__/images/icon09.png
ERR: 无法加载模块:Application

[ 2018-09-04T15:57:57+08:00 ] ::1 /oa/Application/Admin/View/Index/__ADMIN__/images/icon08.png
ERR: 无法加载模块:Application

[ 2018-09-04T15:57:57+08:00 ] ::1 /oa/Application/Admin/View/Index/__ADMIN__/images/add.png
ERR: 无法加载模块:Application

[ 2018-09-04T15:57:57+08:00 ] ::1 /oa/Application/Admin/View/Index/js/common.js
ERR: 无法加载模块:Application

[ 2018-09-04T15:58:42+08:00 ] ::1 /oa/Application/Admin/View/Index/__ADMIN__/css/jquery.dialog.css
ERR: 无法加载模块:Application

[ 2018-09-04T15:58:42+08:00 ] ::1 /oa/Application/Admin/View/Index/__ADMIN__/js/core.js
ERR: 无法加载模块:Application

[ 2018-09-04T15:58:42+08:00 ] ::1 /oa/Application/Admin/View/Index/__ADMIN__/css/base.css
ERR: 无法加载模块:Application

[ 2018-09-04T15:58:42+08:00 ] ::1 /oa/Application/Admin/View/Index/__ADMIN__/js/jquery.dialog.js
ERR: 无法加载模块:Application

[ 2018-09-04T15:58:42+08:00 ] ::1 /oa/Application/Admin/View/Index/__ADMIN__/js/index.js
ERR: 无法加载模块:Application

[ 2018-09-04T15:58:42+08:00 ] ::1 /oa/Application/Admin/View/Index/__ADMIN__/css/index.css
ERR: 无法加载模块:Application

[ 2018-09-04T15:58:42+08:00 ] ::1 /oa/Application/Admin/View/Index/__ADMIN__/js/common.js
ERR: 无法加载模块:Application

[ 2018-09-04T15:58:42+08:00 ] ::1 /oa/Application/Admin/View/Index/__ADMIN__/js/jquery.js
ERR: 无法加载模块:Application

[ 2018-09-04T15:58:42+08:00 ] ::1 /oa/Application/Admin/View/Index/__ADMIN__/js/common.js
ERR: 无法加载模块:Application

[ 2018-09-04T15:58:42+08:00 ] ::1 /oa/Application/Admin/View/Index/__ADMIN__/js/core.js
ERR: 无法加载模块:Application

[ 2018-09-04T15:58:42+08:00 ] ::1 /oa/Application/Admin/View/Index/__ADMIN__/js/jquery.dialog.js
ERR: 无法加载模块:Application

[ 2018-09-04T15:58:42+08:00 ] ::1 /oa/Application/Admin/View/Index/__ADMIN__/js/index.js
ERR: 无法加载模块:Application

